<?xml version="1.0" encoding="UTF-8"?>
<TestRun id="0d801b4a-43aa-4ddb-b5a4-dc5cc424b486" name="jitann@IN01LT00132 2017-06-20 10:41:08" runUser="ORG\jitann" xmlns="http://microsoft.com/schemas/VisualStudio/TeamTest/2010">
  <Times creation="2017-06-20T10:41:08.1049813+05:30" queuing="2017-06-20T10:41:08.1069815+05:30" start="2017-06-20T10:41:08.1129821+05:30" finish="2017-06-20T10:41:08.2199928+05:30" />
  <TestSettings name="default" id="0d3c1732-c579-4bb7-87d3-6aeea87c0ffa">
    <Execution>
      <TestTypeSpecific />
    </Execution>
    <Deployment runDeploymentRoot="jitann_IN01LT00132 2017-06-20 10_41_08" />
    <Properties />
  </TestSettings>
  <Results>
    <UnitTestResult executionId="baeefc3d-1fb3-4a07-b149-9f004a8d8027" testId="daaf2bc4-6b0e-2b31-d9ba-8f3ec1d5e152" testName="InvoiceSimpleCustomer" computerName="IN01LT00132" duration="00:00:00.0929583" startTime="2017-06-20T10:41:07.6129321+05:30" endTime="2017-06-20T10:41:08.0039712+05:30" testType="13cdc9d9-ddb5-4fa4-a97d-d965ccfc6d4b" outcome="Passed" testListId="8c84fa94-04c1-424b-9868-57a2d4851a1d" relativeResultsDirectory="baeefc3d-1fb3-4a07-b149-9f004a8d8027">
      <Output>
        <StdOut>******************
Total amount before applying discount 100 

Applied discount for For every $100 on the bill, there would be a $ 5 discount (e.g. for $ 990, you get $ 45 as a discount).  and the discount is 5</StdOut>
      </Output>
    </UnitTestResult>
  </Results>
  <TestDefinitions>
    <UnitTest name="InvoiceSimpleCustomer" storage="c:\work\mycode\retailwebsite\retailportal\retail.test\retail.test\bin\debug\retail.test.dll" id="daaf2bc4-6b0e-2b31-d9ba-8f3ec1d5e152">
      <Execution id="baeefc3d-1fb3-4a07-b149-9f004a8d8027" />
      <TestMethod codeBase="C:\work\mycode\RetailWebsite\RetailPortal\Retail.Test\Retail.Test\bin\Debug\Retail.Test.dll" adapterTypeName="Microsoft.VisualStudio.TestTools.TestTypes.Unit.UnitTestAdapter" className="Retail.Test.RetailTest" name="InvoiceSimpleCustomer" />
    </UnitTest>
  </TestDefinitions>
  <TestEntries>
    <TestEntry testId="daaf2bc4-6b0e-2b31-d9ba-8f3ec1d5e152" executionId="baeefc3d-1fb3-4a07-b149-9f004a8d8027" testListId="8c84fa94-04c1-424b-9868-57a2d4851a1d" />
  </TestEntries>
  <TestLists>
    <TestList name="Results Not in a List" id="8c84fa94-04c1-424b-9868-57a2d4851a1d" />
    <TestList name="All Loaded Results" id="19431567-8539-422a-85d7-44ee4e166bda" />
  </TestLists>
  <ResultSummary outcome="Completed">
    <Counters total="1" executed="1" passed="1" failed="0" error="0" timeout="0" aborted="0" inconclusive="0" passedButRunAborted="0" notRunnable="0" notExecuted="0" disconnected="0" warning="0" completed="0" inProgress="0" pending="0" />
  </ResultSummary>
</TestRun>